19-04-2026 01:44:40	This log contains information about the import schema operation into project 'ERPGoEdition DB' on computer 'SHABEERPC' by user 'mpsha'.
19-04-2026 01:44:42	Import of database schema has started.
19-04-2026 01:44:49	Gathering database credentials
19-04-2026 01:44:49	Gathering database options
19-04-2026 01:44:49	Gathering generic database scoped configuration option
19-04-2026 01:44:49	Gathering users
19-04-2026 01:44:49	Gathering roles
19-04-2026 01:44:49	Gathering application roles
19-04-2026 01:44:49	Gathering role memberships
19-04-2026 01:44:49	Gathering filegroups
19-04-2026 01:44:49	Gathering full-text catalogs
19-04-2026 01:44:49	Gathering assemblies
19-04-2026 01:44:49	Gathering certificates
19-04-2026 01:44:49	Gathering asymmetric keys
19-04-2026 01:44:49	Gathering symmetric keys
19-04-2026 01:44:49	Gathering encrypted symmetric keys
19-04-2026 01:44:49	Gathering schemas
19-04-2026 01:44:49	Gathering XML schema collections
19-04-2026 01:44:49	Gathering user-defined data types
19-04-2026 01:44:49	Gathering user-defined types
19-04-2026 01:44:49	Gathering table types
19-04-2026 01:44:49	Gathering unique keys for table types
19-04-2026 01:44:49	Gathering primary keys for table types
19-04-2026 01:44:49	Gathering indexes for table types
19-04-2026 01:44:49	Gathering check constraints for table types
19-04-2026 01:44:49	Gathering default constraints for table types
19-04-2026 01:44:49	Gathering partition functions
19-04-2026 01:44:49	Gathering partition schemes
19-04-2026 01:44:49	Gathering functions
19-04-2026 01:44:49	Gathering encrypted functions
19-04-2026 01:44:49	Gathering aggregates
19-04-2026 01:44:49	Gathering procedures
19-04-2026 01:44:49	Gathering encrypted procedures
19-04-2026 01:44:49	Gathering tables
19-04-2026 01:44:50	Gathering primary keys
19-04-2026 01:44:50	Gathering unique constraints
19-04-2026 01:44:50	Gathering foreign keys
19-04-2026 01:44:51	Gathering default constraints
19-04-2026 01:44:51	Gathering check constraints
19-04-2026 01:44:51	Gathering views
19-04-2026 01:44:51	Gathering encrypted views
19-04-2026 01:44:51	Gathering indexes
19-04-2026 01:44:51	Gathering statistics
19-04-2026 01:44:51	Gathering full-text index stoplists
19-04-2026 01:44:51	Gathering search property lists
19-04-2026 01:44:51	Gathering search properties
19-04-2026 01:44:51	Gathering full-text indexes
19-04-2026 01:44:51	Gathering column store indexes
19-04-2026 01:44:51	Gathering spatial indexes
19-04-2026 01:44:51	Gathering XML indexes
19-04-2026 01:44:51	Gathering Selective XML indexes
19-04-2026 01:44:52	Gathering encrypted triggers
19-04-2026 01:44:52	Gathering triggers
19-04-2026 01:44:52	Gathering encrypted and clr ddl triggers
19-04-2026 01:44:52	Gathering ddl triggers
19-04-2026 01:44:52	Creating edge constraints
19-04-2026 01:44:52	Gathering synonyms
19-04-2026 01:44:52	Gathering defaults
19-04-2026 01:44:52	Gathering data constraint uddt bindings
19-04-2026 01:44:52	Gathering rules
19-04-2026 01:44:52	Gathering data constraint uddt bindings
19-04-2026 01:44:52	Gathering message types
19-04-2026 01:44:52	Gathering queues
19-04-2026 01:44:52	Gathering contracts
19-04-2026 01:44:52	Gathering services
19-04-2026 01:44:52	Gathering event notifications
19-04-2026 01:44:52	Gathering remote service bindings
19-04-2026 01:44:52	Gathering broker priorities
19-04-2026 01:44:52	Gathering signatures
19-04-2026 01:44:52	Gathering compression options
19-04-2026 01:44:52	Gathering sequence types
19-04-2026 01:44:52	Gathering security policies
19-04-2026 01:44:52	Gather column encryption keys
19-04-2026 01:44:52	Gathering column master keys
19-04-2026 01:44:52	Gathering external data sources
19-04-2026 01:44:52	Gathering external file formats
19-04-2026 01:44:52	Gathering external tables
19-04-2026 01:44:52	Gathering extended properties
19-04-2026 01:44:52	Gathering assemblies
19-04-2026 01:44:52	Gathering credentials
19-04-2026 01:44:52	Gathering logins
19-04-2026 01:44:52	Gathering server audits
19-04-2026 01:44:53	Scanning project for duplicate elements
19-04-2026 01:44:55	Finished duplicate element processing
19-04-2026 01:44:59	Finished importing database.
19-04-2026 01:44:59	A summary of the import was saved to the following location: D:\ShabeerWorkingFolder\ERPGO\ERPGoEdition DB\Import Schema Logs\ERPGoEdition DB_20260418081440.log
19-04-2026 01:44:59	Click Finish to continue...
